{
  "RSpec": {
    "coverage": {
      "/Users/zachbergman/Documents/turing_work/3mod/practice/fruit-api-7/config/environment.rb": {
        "lines": [
          null,
          1,
          null,
          null,
          1
        ]
      },
      "/Users/zachbergman/Documents/turing_work/3mod/practice/fruit-api-7/config/application.rb": {
        "lines": [
          1,
          null,
          1,
          null,
          1,
          1,
          1,
          1,
          1,
          1,
          1,
          1,
          1,
          1,
          null,
          null,
          null,
          null,
          1,
          null,
          1,
          1,
          null,
          1,
          null,
          null,
          null,
          null,
          null,
          null,
          null,
          null,
          null,
          null,
          1,
          null,
          null
        ]
      },
      "/Users/zachbergman/Documents/turing_work/3mod/practice/fruit-api-7/config/boot.rb": {
        "lines": [
          1,
          null,
          1,
          1
        ]
      },
      "/Users/zachbergman/Documents/turing_work/3mod/practice/fruit-api-7/config/environments/test.rb": {
        "lines": [
          1,
          null,
          null,
          null,
          null,
          null,
          null,
          1,
          null,
          null,
          null,
          1,
          null,
          null,
          null,
          null,
          1,
          null,
          null,
          1,
          1,
          null,
          null,
          null,
          null,
          1,
          1,
          1,
          null,
          null,
          1,
          null,
          null,
          1,
          null,
          null,
          1,
          null,
          1,
          null,
          null,
          null,
          null,
          1,
          null,
          null,
          1,
          null,
          null,
          1,
          null,
          null,
          1,
          null,
          null,
          null,
          null,
          null,
          null,
          null
        ]
      },
      "/Users/zachbergman/Documents/turing_work/3mod/practice/fruit-api-7/config/initializers/assets.rb": {
        "lines": [
          null,
          null,
          null,
          1,
          null,
          null,
          null,
          null,
          null,
          null,
          null,
          null
        ]
      },
      "/Users/zachbergman/Documents/turing_work/3mod/practice/fruit-api-7/config/initializers/content_security_policy.rb": {
        "lines": [
          null,
          null,
          null,
          null,
          null,
          null,
          null,
          null,
          null,
          null,
          null,
          null,
          null,
          null,
          null,
          null,
          null,
          null,
          null,
          null,
          null,
          null,
          null,
          null,
          null
        ]
      },
      "/Users/zachbergman/Documents/turing_work/3mod/practice/fruit-api-7/config/initializers/filter_parameter_logging.rb": {
        "lines": [
          null,
          null,
          null,
          null,
          null,
          1,
          null,
          null
        ]
      },
      "/Users/zachbergman/Documents/turing_work/3mod/practice/fruit-api-7/config/initializers/inflections.rb": {
        "lines": [
          null,
          null,
          null,
          null,
          null,
          null,
          null,
          null,
          null,
          null,
          null,
          null,
          null,
          null,
          null,
          null
        ]
      },
      "/Users/zachbergman/Documents/turing_work/3mod/practice/fruit-api-7/config/initializers/permissions_policy.rb": {
        "lines": [
          null,
          null,
          null,
          null,
          null,
          null,
          null,
          null,
          null,
          null,
          null
        ]
      },
      "/Users/zachbergman/Documents/turing_work/3mod/practice/fruit-api-7/config/routes.rb": {
        "lines": [
          1,
          null,
          null,
          null,
          1,
          null,
          1,
          null
        ]
      },
      "/Users/zachbergman/Documents/turing_work/3mod/practice/fruit-api-7/app/helpers/application_helper.rb": {
        "lines": [
          1,
          null
        ]
      },
      "/Users/zachbergman/Documents/turing_work/3mod/practice/fruit-api-7/app/facades/fruit_facade.rb": {
        "lines": [
          1,
          1,
          null,
          1,
          4,
          4,
          4,
          null,
          null,
          1,
          4,
          null,
          4,
          null,
          null
        ]
      },
      "/Users/zachbergman/Documents/turing_work/3mod/practice/fruit-api-7/spec/features/fruits/index_spec.rb": {
        "lines": [
          1,
          null,
          1,
          1,
          1,
          1,
          null,
          1,
          1,
          null,
          1,
          null,
          1,
          1,
          1,
          1,
          1,
          1,
          1,
          1,
          1,
          null,
          null,
          null
        ]
      },
      "/Users/zachbergman/Documents/turing_work/3mod/practice/fruit-api-7/spec/features/welcome/index_spec.rb": {
        "lines": [
          1,
          null,
          1,
          1,
          1,
          1,
          null,
          1,
          1,
          null,
          null,
          null,
          null,
          null,
          null,
          null
        ]
      },
      "/Users/zachbergman/Documents/turing_work/3mod/practice/fruit-api-7/spec/poros/fruit_spec.rb": {
        "lines": [
          1,
          null,
          1,
          1,
          null,
          1,
          null,
          null,
          null,
          null,
          null,
          null,
          null,
          null,
          null,
          null,
          null,
          null,
          null,
          1,
          null,
          null,
          1,
          1,
          1,
          1,
          1,
          1,
          1,
          1,
          1,
          1,
          1,
          1,
          1,
          null,
          null
        ]
      },
      "/Users/zachbergman/Documents/turing_work/3mod/practice/fruit-api-7/app/poros/fruit.rb": {
        "lines": [
          1,
          1,
          null,
          1,
          5,
          5,
          5,
          5,
          5,
          5,
          null,
          null
        ]
      },
      "/Users/zachbergman/Documents/turing_work/3mod/practice/fruit-api-7/spec/services/fruit_service_spec.rb": {
        "lines": [
          1,
          null,
          1,
          1,
          1,
          1,
          null,
          1,
          null,
          null,
          null,
          1,
          1,
          1,
          1,
          null,
          1,
          null,
          null,
          null,
          1,
          1,
          1,
          null,
          1,
          null,
          1,
          1,
          null,
          1,
          1,
          null,
          1,
          1,
          null,
          1,
          1,
          null,
          1,
          1,
          null,
          1,
          1,
          1,
          1,
          1,
          1,
          1,
          1,
          1,
          1,
          1,
          1,
          null,
          null,
          null,
          1,
          1,
          1,
          null,
          1,
          null,
          1,
          1,
          null,
          1,
          1,
          null,
          1,
          1,
          null,
          1,
          1,
          null,
          1,
          1,
          null,
          1,
          1,
          1,
          1,
          1,
          1,
          1,
          1,
          1,
          1,
          1,
          1,
          null,
          null,
          null
        ]
      },
      "/Users/zachbergman/Documents/turing_work/3mod/practice/fruit-api-7/app/services/fruit_service.rb": {
        "lines": [
          1,
          1,
          7,
          7,
          null,
          null,
          null,
          1,
          6,
          6,
          null,
          null,
          1,
          5,
          null,
          null
        ]
      },
      "/Users/zachbergman/Documents/turing_work/3mod/practice/fruit-api-7/app/controllers/welcome_controller.rb": {
        "lines": [
          1,
          null,
          1,
          null,
          null
        ]
      },
      "/Users/zachbergman/Documents/turing_work/3mod/practice/fruit-api-7/app/controllers/application_controller.rb": {
        "lines": [
          1,
          null
        ]
      },
      "/Users/zachbergman/Documents/turing_work/3mod/practice/fruit-api-7/app/controllers/fruits_controller.rb": {
        "lines": [
          1,
          1,
          1,
          null,
          null
        ]
      }
    },
    "timestamp": 1720823023
  }
}
